# JRE version: OpenJDK Runtime Environment Temurin-17.0.2+8 (17.0.2+8) (build 17.0.2+8)
# Java VM: OpenJDK 64-Bit Server VM Temurin-17.0.2+8 (17.0.2+8, mixed mode, tiered, compressed oops, compressed class ptrs, parallel gc, windows-amd64)
GC Precious Log:
 CPUs: 1 total, 1 available
 Memory: 1023M
 Large Page Support: Disabled
 NUMA Support: Disabled
 Compressed Oops: Enabled (32-bit)
 Alignments: Space 512K, Generation 512K, Heap 2M
 Heap Min Capacity: 100M
 Heap Initial Capacity: 100M
 Heap Max Capacity: 1G
 Pre-touch: Disabled
 Parallel Workers: 1
Heap:
 PSYoungGen      total 50176K, used 3561K [0x00000000eab00000, 0x00000000f0400000, 0x0000000100000000)
  eden space 10240K, 34% used [0x00000000eab00000,0x00000000eae7a6e0,0x00000000eb500000)
  from space 39936K, 0% used [0x00000000eb500000,0x00000000eb500000,0x00000000edc00000)
  to   space 39936K, 0% used [0x00000000edd00000,0x00000000edd00000,0x00000000f0400000)
 ParOldGen       total 316928K, used 227281K [0x00000000c0000000, 0x00000000d3580000, 0x00000000eab00000)
  object space 316928K, 71% used [0x00000000c0000000,0x00000000cddf4780,0x00000000d3580000)
 Metaspace       used 73227K, committed 74368K, reserved 1122304K
  class space    used 7747K, committed 8256K, reserved 1048576K
GC Heap History (20 events):
Event: 630.050 GC heap before
{Heap before GC invocations=238 (full 12):
 PSYoungGen      total 46080K, used 42032K [0x00000000eab00000, 0x00000000ee680000, 0x0000000100000000)
  eden space 28672K, 100% used [0x00000000eab00000,0x00000000ec700000,0x00000000ec700000)
  from space 17408K, 76% used [0x00000000ec700000,0x00000000ed40c0c8,0x00000000ed800000)
  to   space 14848K, 0% used [0x00000000ed800000,0x00000000ed800000,0x00000000ee680000)
 ParOldGen       total 255488K, used 225379K [0x00000000c0000000, 0x00000000cf980000, 0x00000000eab00000)
  object space 255488K, 88% used [0x00000000c0000000,0x00000000cdc18f28,0x00000000cf980000)
 Metaspace       used 68411K, committed 69504K, reserved 1114112K
  class space    used 7109K, committed 7616K, reserved 1048576K
}
Event: 630.569 GC heap after
{Heap after GC invocations=238 (full 12):
 PSYoungGen      total 31232K, used 14833K [0x00000000eab00000, 0x00000000f0380000, 0x0000000100000000)
  eden space 16384K, 0% used [0x00000000eab00000,0x00000000eab00000,0x00000000ebb00000)
  from space 14848K, 99% used [0x00000000ed800000,0x00000000ee67c7c8,0x00000000ee680000)
  to   space 29696K, 0% used [0x00000000ebb00000,0x00000000ebb00000,0x00000000ed800000)
 ParOldGen       total 255488K, used 237465K [0x00000000c0000000, 0x00000000cf980000, 0x00000000eab00000)
  object space 255488K, 92% used [0x00000000c0000000,0x00000000ce7e67f0,0x00000000cf980000)
 Metaspace       used 68411K, committed 69504K, reserved 1114112K
  class space    used 7109K, committed 7616K, reserved 1048576K
}
Event: 637.250 GC heap before
{Heap before GC invocations=239 (full 12):
 PSYoungGen      total 31232K, used 31217K [0x00000000eab00000, 0x00000000f0380000, 0x0000000100000000)
  eden space 16384K, 100% used [0x00000000eab00000,0x00000000ebb00000,0x00000000ebb00000)
  from space 14848K, 99% used [0x00000000ed800000,0x00000000ee67c7c8,0x00000000ee680000)
  to   space 29696K, 0% used [0x00000000ebb00000,0x00000000ebb00000,0x00000000ed800000)
 ParOldGen       total 255488K, used 237465K [0x00000000c0000000, 0x00000000cf980000, 0x00000000eab00000)
  object space 255488K, 92% used [0x00000000c0000000,0x00000000ce7e67f0,0x00000000cf980000)
 Metaspace       used 68438K, committed 69504K, reserved 1114112K
  class space    used 7109K, committed 7616K, reserved 1048576K
}
Event: 637.316 GC heap after
{Heap after GC invocations=239 (full 12):
 PSYoungGen      total 35840K, used 19054K [0x00000000eab00000, 0x00000000ee780000, 0x0000000100000000)
  eden space 16384K, 0% used [0x00000000eab00000,0x00000000eab00000,0x00000000ebb00000)
  from space 19456K, 97% used [0x00000000ebb00000,0x00000000ecd9b8d0,0x00000000ece00000)
  to   space 22016K, 0% used [0x00000000ed200000,0x00000000ed200000,0x00000000ee780000)
 ParOldGen       total 255488K, used 238265K [0x00000000c0000000, 0x00000000cf980000, 0x00000000eab00000)
  object space 255488K, 93% used [0x00000000c0000000,0x00000000ce8ae7f0,0x00000000cf980000)
 Metaspace       used 68438K, committed 69504K, reserved 1114112K
  class space    used 7109K, committed 7616K, reserved 1048576K
}
Event: 637.730 GC heap before
{Heap before GC invocations=240 (full 12):
 PSYoungGen      total 35840K, used 35438K [0x00000000eab00000, 0x00000000ee780000, 0x0000000100000000)
  eden space 16384K, 100% used [0x00000000eab00000,0x00000000ebb00000,0x00000000ebb00000)
  from space 19456K, 97% used [0x00000000ebb00000,0x00000000ecd9b8d0,0x00000000ece00000)
  to   space 22016K, 0% used [0x00000000ed200000,0x00000000ed200000,0x00000000ee780000)
 ParOldGen       total 255488K, used 238265K [0x00000000c0000000, 0x00000000cf980000, 0x00000000eab00000)
  object space 255488K, 93% used [0x00000000c0000000,0x00000000ce8ae7f0,0x00000000cf980000)
 Metaspace       used 68438K, committed 69504K, reserved 1114112K
  class space    used 7109K, committed 7616K, reserved 1048576K
}
Event: 637.790 GC heap after
{Heap after GC invocations=240 (full 12):
 PSYoungGen      total 38400K, used 21995K [0x00000000eab00000, 0x00000000eea80000, 0x0000000100000000)
  eden space 16384K, 0% used [0x00000000eab00000,0x00000000eab00000,0x00000000ebb00000)
  from space 22016K, 99% used [0x00000000ed200000,0x00000000ee77aea8,0x00000000ee780000)
  to   space 23552K, 0% used [0x00000000ebb00000,0x00000000ebb00000,0x00000000ed200000)
 ParOldGen       total 255488K, used 239066K [0x00000000c0000000, 0x00000000cf980000, 0x00000000eab00000)
  object space 255488K, 93% used [0x00000000c0000000,0x00000000ce976bb8,0x00000000cf980000)
 Metaspace       used 68438K, committed 69504K, reserved 1114112K
  class space    used 7109K, committed 7616K, reserved 1048576K
}
Event: 638.242 GC heap before
{Heap before GC invocations=241 (full 12):
 PSYoungGen      total 38400K, used 38379K [0x00000000eab00000, 0x00000000eea80000, 0x0000000100000000)
  eden space 16384K, 100% used [0x00000000eab00000,0x00000000ebb00000,0x00000000ebb00000)
  from space 22016K, 99% used [0x00000000ed200000,0x00000000ee77aea8,0x00000000ee780000)
  to   space 23552K, 0% used [0x00000000ebb00000,0x00000000ebb00000,0x00000000ed200000)
 ParOldGen       total 255488K, used 239066K [0x00000000c0000000, 0x00000000cf980000, 0x00000000eab00000)
  object space 255488K, 93% used [0x00000000c0000000,0x00000000ce976bb8,0x00000000cf980000)
 Metaspace       used 68438K, committed 69504K, reserved 1114112K
  class space    used 7109K, committed 7616K, reserved 1048576K
}
Event: 638.556 GC heap after
{Heap after GC invocations=241 (full 12):
 PSYoungGen      total 39936K, used 23544K [0x00000000eab00000, 0x00000000ef480000, 0x0000000100000000)
  eden space 16384K, 0% used [0x00000000eab00000,0x00000000eab00000,0x00000000ebb00000)
  from space 23552K, 99% used [0x00000000ebb00000,0x00000000ed1fe078,0x00000000ed200000)
  to   space 28672K, 0% used [0x00000000ed880000,0x00000000ed880000,0x00000000ef480000)
 ParOldGen       total 255488K, used 242904K [0x00000000c0000000, 0x00000000cf980000, 0x00000000eab00000)
  object space 255488K, 95% used [0x00000000c0000000,0x00000000ced36270,0x00000000cf980000)
 Metaspace       used 68438K, committed 69504K, reserved 1114112K
  class space    used 7109K, committed 7616K, reserved 1048576K
}
Event: 718.348 GC heap before
{Heap before GC invocations=242 (full 12):
 PSYoungGen      total 39936K, used 39928K [0x00000000eab00000, 0x00000000ef480000, 0x0000000100000000)
  eden space 16384K, 100% used [0x00000000eab00000,0x00000000ebb00000,0x00000000ebb00000)
  from space 23552K, 99% used [0x00000000ebb00000,0x00000000ed1fe078,0x00000000ed200000)
  to   space 28672K, 0% used [0x00000000ed880000,0x00000000ed880000,0x00000000ef480000)
 ParOldGen       total 255488K, used 242904K [0x00000000c0000000, 0x00000000cf980000, 0x00000000eab00000)
  object space 255488K, 95% used [0x00000000c0000000,0x00000000ced36270,0x00000000cf980000)
 Metaspace       used 69424K, committed 70528K, reserved 1114112K
  class space    used 7204K, committed 7680K, reserved 1048576K
}
Event: 723.026 GC heap after
{Heap after GC invocations=242 (full 12):
 PSYoungGen      total 44032K, used 28649K [0x00000000eab00000, 0x00000000ef980000, 0x0000000100000000)
  eden space 15360K, 0% used [0x00000000eab00000,0x00000000eab00000,0x00000000eba00000)
  from space 28672K, 99% used [0x00000000ed880000,0x00000000ef47a4b0,0x00000000ef480000)
  to   space 31232K, 0% used [0x00000000eba00000,0x00000000eba00000,0x00000000ed880000)
 ParOldGen       total 255488K, used 244584K [0x00000000c0000000, 0x00000000cf980000, 0x00000000eab00000)
  object space 255488K, 95% used [0x00000000c0000000,0x00000000ceeda270,0x00000000cf980000)
 Metaspace       used 69424K, committed 70528K, reserved 1114112K
  class space    used 7204K, committed 7680K, reserved 1048576K
}
Event: 739.000 GC heap before
{Heap before GC invocations=243 (full 12):
 PSYoungGen      total 44032K, used 44009K [0x00000000eab00000, 0x00000000ef980000, 0x0000000100000000)
  eden space 15360K, 99% used [0x00000000eab00000,0x00000000eb9ffff0,0x00000000eba00000)
  from space 28672K, 99% used [0x00000000ed880000,0x00000000ef47a4b0,0x00000000ef480000)
  to   space 31232K, 0% used [0x00000000eba00000,0x00000000eba00000,0x00000000ed880000)
 ParOldGen       total 255488K, used 244584K [0x00000000c0000000, 0x00000000cf980000, 0x00000000eab00000)
  object space 255488K, 95% used [0x00000000c0000000,0x00000000ceeda270,0x00000000cf980000)
 Metaspace       used 69690K, committed 70720K, reserved 1114112K
  class space    used 7253K, committed 7744K, reserved 1048576K
}
Event: 742.435 GC heap after
{Heap after GC invocations=243 (full 12):
 PSYoungGen      total 46592K, used 28857K [0x00000000eab00000, 0x00000000ef580000, 0x0000000100000000)
  eden space 15360K, 0% used [0x00000000eab00000,0x00000000eab00000,0x00000000eba00000)
  from space 31232K, 92% used [0x00000000eba00000,0x00000000ed62e498,0x00000000ed880000)
  to   space 29696K, 0% used [0x00000000ed880000,0x00000000ed880000,0x00000000ef580000)
 ParOldGen       total 255488K, used 245664K [0x00000000c0000000, 0x00000000cf980000, 0x00000000eab00000)
  object space 255488K, 96% used [0x00000000c0000000,0x00000000cefe8270,0x00000000cf980000)
 Metaspace       used 69690K, committed 70720K, reserved 1114112K
  class space    used 7253K, committed 7744K, reserved 1048576K
}
Event: 754.359 GC heap before
{Heap before GC invocations=244 (full 12):
 PSYoungGen      total 46592K, used 44217K [0x00000000eab00000, 0x00000000ef580000, 0x0000000100000000)
  eden space 15360K, 100% used [0x00000000eab00000,0x00000000eba00000,0x00000000eba00000)
  from space 31232K, 92% used [0x00000000eba00000,0x00000000ed62e498,0x00000000ed880000)
  to   space 29696K, 0% used [0x00000000ed880000,0x00000000ed880000,0x00000000ef580000)
 ParOldGen       total 255488K, used 245664K [0x00000000c0000000, 0x00000000cf980000, 0x00000000eab00000)
  object space 255488K, 96% used [0x00000000c0000000,0x00000000cefe8270,0x00000000cf980000)
 Metaspace       used 71024K, committed 72128K, reserved 1114112K
  class space    used 7398K, committed 7872K, reserved 1048576K
}
Event: 760.277 GC heap after
{Heap after GC invocations=244 (full 12):
 PSYoungGen      total 46080K, used 29056K [0x00000000eab00000, 0x00000000ef500000, 0x0000000100000000)
  eden space 16896K, 0% used [0x00000000eab00000,0x00000000eab00000,0x00000000ebb80000)
  from space 29184K, 99% used [0x00000000ed880000,0x00000000ef4e0310,0x00000000ef500000)
  to   space 29184K, 0% used [0x00000000ebc00000,0x00000000ebc00000,0x00000000ed880000)
 ParOldGen       total 255488K, used 245664K [0x00000000c0000000, 0x00000000cf980000, 0x00000000eab00000)
  object space 255488K, 96% used [0x00000000c0000000,0x00000000cefe8270,0x00000000cf980000)
 Metaspace       used 71024K, committed 72128K, reserved 1114112K
  class space    used 7398K, committed 7872K, reserved 1048576K
}
Event: 797.782 GC heap before
{Heap before GC invocations=245 (full 12):
 PSYoungGen      total 46080K, used 45952K [0x00000000eab00000, 0x00000000ef500000, 0x0000000100000000)
  eden space 16896K, 100% used [0x00000000eab00000,0x00000000ebb80000,0x00000000ebb80000)
  from space 29184K, 99% used [0x00000000ed880000,0x00000000ef4e0310,0x00000000ef500000)
  to   space 29184K, 0% used [0x00000000ebc00000,0x00000000ebc00000,0x00000000ed880000)
 ParOldGen       total 255488K, used 245664K [0x00000000c0000000, 0x00000000cf980000, 0x00000000eab00000)
  object space 255488K, 96% used [0x00000000c0000000,0x00000000cefe8270,0x00000000cf980000)
 Metaspace       used 73202K, committed 74304K, reserved 1122304K
  class space    used 7756K, committed 8256K, reserved 1048576K
}
Event: 803.059 GC heap after
{Heap after GC invocations=245 (full 12):
 PSYoungGen      total 46592K, used 29164K [0x00000000eab00000, 0x00000000efb00000, 0x0000000100000000)
  eden space 17408K, 0% used [0x00000000eab00000,0x00000000eab00000,0x00000000ebc00000)
  from space 29184K, 99% used [0x00000000ebc00000,0x00000000ed87b248,0x00000000ed880000)
  to   space 31744K, 0% used [0x00000000edc00000,0x00000000edc00000,0x00000000efb00000)
 ParOldGen       total 255488K, used 247532K [0x00000000c0000000, 0x00000000cf980000, 0x00000000eab00000)
  object space 255488K, 96% used [0x00000000c0000000,0x00000000cf1bb3d8,0x00000000cf980000)
 Metaspace       used 73202K, committed 74304K, reserved 1122304K
  class space    used 7756K, committed 8256K, reserved 1048576K
}
Event: 961.477 GC heap before
{Heap before GC invocations=246 (full 12):
 PSYoungGen      total 46592K, used 46572K [0x00000000eab00000, 0x00000000efb00000, 0x0000000100000000)
  eden space 17408K, 100% used [0x00000000eab00000,0x00000000ebc00000,0x00000000ebc00000)
  from space 29184K, 99% used [0x00000000ebc00000,0x00000000ed87b248,0x00000000ed880000)
  to   space 31744K, 0% used [0x00000000edc00000,0x00000000edc00000,0x00000000efb00000)
 ParOldGen       total 255488K, used 247532K [0x00000000c0000000, 0x00000000cf980000, 0x00000000eab00000)
  object space 255488K, 96% used [0x00000000c0000000,0x00000000cf1bb3d8,0x00000000cf980000)
 Metaspace       used 73253K, committed 74368K, reserved 1122304K
  class space    used 7756K, committed 8256K, reserved 1048576K
}
Event: 967.151 GC heap after
{Heap after GC invocations=246 (full 12):
 PSYoungGen      total 41984K, used 31742K [0x00000000eab00000, 0x00000000f0b80000, 0x0000000100000000)
  eden space 10240K, 0% used [0x00000000eab00000,0x00000000eab00000,0x00000000eb500000)
  from space 31744K, 99% used [0x00000000edc00000,0x00000000efaffb80,0x00000000efb00000)
  to   space 39936K, 0% used [0x00000000eb500000,0x00000000eb500000,0x00000000edc00000)
 ParOldGen       total 255488K, used 254176K [0x00000000c0000000, 0x00000000cf980000, 0x00000000eab00000)
  object space 255488K, 99% used [0x00000000c0000000,0x00000000cf8383c0,0x00000000cf980000)
 Metaspace       used 73253K, committed 74368K, reserved 1122304K
  class space    used 7756K, committed 8256K, reserved 1048576K
}
Event: 967.152 GC heap before
{Heap before GC invocations=247 (full 13):
 PSYoungGen      total 41984K, used 31742K [0x00000000eab00000, 0x00000000f0b80000, 0x0000000100000000)
  eden space 10240K, 0% used [0x00000000eab00000,0x00000000eab00000,0x00000000eb500000)
  from space 31744K, 99% used [0x00000000edc00000,0x00000000efaffb80,0x00000000efb00000)
  to   space 39936K, 0% used [0x00000000eb500000,0x00000000eb500000,0x00000000edc00000)
 ParOldGen       total 255488K, used 254176K [0x00000000c0000000, 0x00000000cf980000, 0x00000000eab00000)
  object space 255488K, 99% used [0x00000000c0000000,0x00000000cf8383c0,0x00000000cf980000)
 Metaspace       used 73253K, committed 74368K, reserved 1122304K
  class space    used 7756K, committed 8256K, reserved 1048576K
}
Event: 979.202 GC heap after
{Heap after GC invocations=247 (full 13):
 PSYoungGen      total 50176K, used 0K [0x00000000eab00000, 0x00000000f0400000, 0x0000000100000000)
  eden space 10240K, 0% used [0x00000000eab00000,0x00000000eab00000,0x00000000eb500000)
  from space 39936K, 0% used [0x00000000eb500000,0x00000000eb500000,0x00000000edc00000)
  to   space 39936K, 0% used [0x00000000edd00000,0x00000000edd00000,0x00000000f0400000)
 ParOldGen       total 316928K, used 227281K [0x00000000c0000000, 0x00000000d3580000, 0x00000000eab00000)
  object space 316928K, 71% used [0x00000000c0000000,0x00000000cddf4780,0x00000000d3580000)
 Metaspace       used 73214K, committed 74368K, reserved 1122304K
  class space    used 7747K, committed 8256K, reserved 1048576K
}

