# JRE version: OpenJDK Runtime Environment Temurin-17.0.2+8 (17.0.2+8) (build 17.0.2+8)
# Java VM: OpenJDK 64-Bit Server VM Temurin-17.0.2+8 (17.0.2+8, mixed mode, tiered, compressed oops, compressed class ptrs, serial gc, windows-amd64)
GC Precious Log:
 CPUs: 1 total, 1 available
 Memory: 1023M
 Large Page Support: Disabled
 NUMA Support: Disabled
 Compressed Oops: Enabled (32-bit)
 Heap Min Capacity: 8M
 Heap Initial Capacity: 16M
 Heap Max Capacity: 256M
 Pre-touch: Disabled
Heap:
 def new generation   total 4928K, used 3712K [0x00000000f0000000, 0x00000000f0550000, 0x00000000f5550000)
  eden space 4416K,  72% used [0x00000000f0000000, 0x00000000f0320180, 0x00000000f0450000)
  from space 512K, 100% used [0x00000000f0450000, 0x00000000f04d0000, 0x00000000f04d0000)
  to   space 512K,   0% used [0x00000000f04d0000, 0x00000000f04d0000, 0x00000000f0550000)
 tenured generation   total 10944K, used 4542K [0x00000000f5550000, 0x00000000f6000000, 0x0000000100000000)
   the space 10944K,  41% used [0x00000000f5550000, 0x00000000f59bfbb8, 0x00000000f59bfc00, 0x00000000f6000000)
 Metaspace       used 12278K, committed 12352K, reserved 1064960K
  class space    used 1315K, committed 1344K, reserved 1048576K
GC Heap History (4 events):
Event: 2.184 GC heap before
{Heap before GC invocations=0 (full 0):
 def new generation   total 4928K, used 4416K [0x00000000f0000000, 0x00000000f0550000, 0x00000000f5550000)
  eden space 4416K, 100% used [0x00000000f0000000, 0x00000000f0450000, 0x00000000f0450000)
  from space 512K,   0% used [0x00000000f0450000, 0x00000000f0450000, 0x00000000f04d0000)
  to   space 512K,   0% used [0x00000000f04d0000, 0x00000000f04d0000, 0x00000000f0550000)
 tenured generation   total 10944K, used 0K [0x00000000f5550000, 0x00000000f6000000, 0x0000000100000000)
   the space 10944K,   0% used [0x00000000f5550000, 0x00000000f5550000, 0x00000000f5550200, 0x00000000f6000000)
 Metaspace       used 6426K, committed 6592K, reserved 1056768K
  class space    used 619K, committed 704K, reserved 1048576K
}
Event: 2.189 GC heap after
{Heap after GC invocations=1 (full 0):
 def new generation   total 4928K, used 512K [0x00000000f0000000, 0x00000000f0550000, 0x00000000f5550000)
  eden space 4416K,   0% used [0x00000000f0000000, 0x00000000f0000000, 0x00000000f0450000)
  from space 512K, 100% used [0x00000000f04d0000, 0x00000000f0550000, 0x00000000f0550000)
  to   space 512K,   0% used [0x00000000f0450000, 0x00000000f0450000, 0x00000000f04d0000)
 tenured generation   total 10944K, used 2114K [0x00000000f5550000, 0x00000000f6000000, 0x0000000100000000)
   the space 10944K,  19% used [0x00000000f5550000, 0x00000000f5760aa8, 0x00000000f5760c00, 0x00000000f6000000)
 Metaspace       used 6426K, committed 6592K, reserved 1056768K
  class space    used 619K, committed 704K, reserved 1048576K
}
Event: 3.059 GC heap before
{Heap before GC invocations=1 (full 0):
 def new generation   total 4928K, used 4928K [0x00000000f0000000, 0x00000000f0550000, 0x00000000f5550000)
  eden space 4416K, 100% used [0x00000000f0000000, 0x00000000f0450000, 0x00000000f0450000)
  from space 512K, 100% used [0x00000000f04d0000, 0x00000000f0550000, 0x00000000f0550000)
  to   space 512K,   0% used [0x00000000f0450000, 0x00000000f0450000, 0x00000000f04d0000)
 tenured generation   total 10944K, used 2114K [0x00000000f5550000, 0x00000000f6000000, 0x0000000100000000)
   the space 10944K,  19% used [0x00000000f5550000, 0x00000000f5760aa8, 0x00000000f5760c00, 0x00000000f6000000)
 Metaspace       used 9232K, committed 9344K, reserved 1064960K
  class space    used 961K, committed 1024K, reserved 1048576K
}
Event: 3.066 GC heap after
{Heap after GC invocations=2 (full 0):
 def new generation   total 4928K, used 512K [0x00000000f0000000, 0x00000000f0550000, 0x00000000f5550000)
  eden space 4416K,   0% used [0x00000000f0000000, 0x00000000f0000000, 0x00000000f0450000)
  from space 512K, 100% used [0x00000000f0450000, 0x00000000f04d0000, 0x00000000f04d0000)
  to   space 512K,   0% used [0x00000000f04d0000, 0x00000000f04d0000, 0x00000000f0550000)
 tenured generation   total 10944K, used 4542K [0x00000000f5550000, 0x00000000f6000000, 0x0000000100000000)
   the space 10944K,  41% used [0x00000000f5550000, 0x00000000f59bfbb8, 0x00000000f59bfc00, 0x00000000f6000000)
 Metaspace       used 9232K, committed 9344K, reserved 1064960K
  class space    used 961K, committed 1024K, reserved 1048576K
}

